2026-03-08 12:39:07 | ==========================================
2026-03-08 12:39:07 | IPINTEL UPDATE START
2026-03-08 12:39:07 | START: GEOIP
Downloading GeoLite2 City...
  % Total    % Received % Xferd  Average Speed   Time    Time     Time  Current
                                 Dload  Upload   Total   Spent    Left  Speed
  0     0    0     0    0     0      0      0 --:--:-- --:--:-- --:--:--     0  0     0    0     0    0     0      0      0 --:--:-- --:--:-- --:--:--     0
100 60.2M  100 60.2M    0     0   104M      0 --:--:-- --:--:-- --:--:--  104M
Downloading GeoLite2 ASN...
  % Total    % Received % Xferd  Average Speed   Time    Time     Time  Current
                                 Dload  Upload   Total   Spent    Left  Speed
  0     0    0     0    0     0      0      0 --:--:-- --:--:-- --:--:--     0  0     0    0     0    0     0      0      0 --:--:-- --:--:-- --:--:--     0
 26 11.0M   26 2997k    0     0  26.5M      0 --:--:-- --:--:-- --:--:-- 26.5M100 11.0M  100 11.0M    0     0  61.6M      0 --:--:-- --:--:-- --:--:--  117M
GeoIP database updated
2026-03-08 12:39:07 | SUCCESS: GEOIP
2026-03-08 12:39:07 | START: TOR
2026-03-08 12:39:08 | SUCCESS: TOR
2026-03-08 12:39:08 | START: PROXY
2026-03-08 12:39:08 | SUCCESS: PROXY
2026-03-08 12:39:08 | START: DATACENTER
2026-03-08 12:39:08 | SUCCESS: DATACENTER
2026-03-08 12:39:08 | IPINTEL UPDATE FINISHED
2026-03-08 12:39:08 | ==========================================
